This is pdfTeX, Version 3.14159265-2.6-1.40.18 (MiKTeX 2.9.6600 64-bit) (preloaded format=pdflatex 2018.3.27)  18 APR 2018 08:13
entering extended mode
**./certificate.tex
(certificate.tex
LaTeX2e <2017-04-15>
Babel <3.17> and hyphenation patterns for 75 language(s) loaded.

! LaTeX Error: Environment titlepage undefined.

See the LaTeX manual or LaTeX Companion for explanation.
Type  H <return>  for immediate help.
 ...                                              
                                                  
l.1 \begin{titlepage}
                     
Your command was ignored.
Type  I <command> <return>  to replace it with another command,
or  <return>  to continue without it.


! LaTeX Error: Missing \begin{document}.

See the LaTeX manual or LaTeX Companion for explanation.
Type  H <return>  for immediate help.
 ...                                              
                                                  
l.2   \begin{center}
                    
You're in trouble here.  Try typing  <return>  to proceed.
If that doesn't work, type  X <return>  to quit.


Overfull \hbox (20.0pt too wide) in paragraph at lines 2--2
[] 
 []

! Undefined control sequence.
l.5     \large
              
The control sequence at the end of the top line
of your error message was never \def'ed. If you have
misspelled it (e.g., `\hobx'), type `I' and the correct
spelling (e.g., `I\hbox'). Otherwise just continue,
and I'll forget about whatever was undefined.

Missing character: There is no D in font nullfont!
Missing character: There is no E in font nullfont!
Missing character: There is no P in font nullfont!
Missing character: There is no A in font nullfont!
Missing character: There is no R in font nullfont!
Missing character: There is no T in font nullfont!
Missing character: There is no M in font nullfont!
Missing character: There is no E in font nullfont!
Missing character: There is no N in font nullfont!
Missing character: There is no T in font nullfont!
Missing character: There is no O in font nullfont!
Missing character: There is no F in font nullfont!
Missing character: There is no C in font nullfont!
Missing character: There is no O in font nullfont!
Missing character: There is no M in font nullfont!
Missing character: There is no P in font nullfont!
Missing character: There is no U in font nullfont!
Missing character: There is no T in font nullfont!
Missing character: There is no E in font nullfont!
Missing character: There is no R in font nullfont!
Missing character: There is no S in font nullfont!
Missing character: There is no C in font nullfont!
Missing character: There is no I in font nullfont!
Missing character: There is no E in font nullfont!
Missing character: There is no N in font nullfont!
Missing character: There is no C in font nullfont!
Missing character: There is no E in font nullfont!
Missing character: There is no & in font nullfont!
Missing character: There is no E in font nullfont!
Missing character: There is no N in font nullfont!
Missing character: There is no G in font nullfont!
Missing character: There is no I in font nullfont!
Missing character: There is no N in font nullfont!
Missing character: There is no E in font nullfont!
Missing character: There is no E in font nullfont!
Missing character: There is no R in font nullfont!
Missing character: There is no I in font nullfont!
Missing character: There is no N in font nullfont!
Missing character: There is no G in font nullfont!
Missing character: There is no C in font nullfont!
Missing character: There is no O in font nullfont!
Missing character: There is no L in font nullfont!
Missing character: There is no L in font nullfont!
Missing character: There is no E in font nullfont!
Missing character: There is no G in font nullfont!
Missing character: There is no E in font nullfont!
Missing character: There is no O in font nullfont!
Missing character: There is no F in font nullfont!
Missing character: There is no E in font nullfont!
Missing character: There is no N in font nullfont!
Missing character: There is no G in font nullfont!
Missing character: There is no I in font nullfont!
Missing character: There is no N in font nullfont!
Missing character: There is no E in font nullfont!
Missing character: There is no E in font nullfont!
Missing character: There is no R in font nullfont!
Missing character: There is no I in font nullfont!
Missing character: There is no N in font nullfont!
Missing character: There is no G in font nullfont!
Missing character: There is no A in font nullfont!
Missing character: There is no R in font nullfont!
Missing character: There is no A in font nullfont!
Missing character: There is no N in font nullfont!
Missing character: There is no M in font nullfont!
Missing character: There is no U in font nullfont!
Missing character: There is no L in font nullfont!
Missing character: There is no A in font nullfont!
Missing character: There is no A in font nullfont!
Missing character: There is no R in font nullfont!
Missing character: There is no A in font nullfont!
Missing character: There is no N in font nullfont!
Missing character: There is no M in font nullfont!
Missing character: There is no U in font nullfont!
Missing character: There is no L in font nullfont!
Missing character: There is no A in font nullfont!
Missing character: There is no P in font nullfont!
Missing character: There is no O in font nullfont!
Missing character: There is no , in font nullfont!
Missing character: There is no P in font nullfont!
Missing character: There is no A in font nullfont!
Missing character: There is no T in font nullfont!
Missing character: There is no H in font nullfont!
Missing character: There is no A in font nullfont!
Missing character: There is no N in font nullfont!
Missing character: There is no A in font nullfont!
Missing character: There is no M in font nullfont!
Missing character: There is no T in font nullfont!
Missing character: There is no H in font nullfont!
Missing character: There is no I in font nullfont!
Missing character: There is no T in font nullfont!
Missing character: There is no T in font nullfont!
Missing character: There is no A in font nullfont!
Missing character: There is no - in font nullfont!
Missing character: There is no 6 in font nullfont!
Missing character: There is no 8 in font nullfont!
Missing character: There is no 9 in font nullfont!
Missing character: There is no 5 in font nullfont!
Missing character: There is no 3 in font nullfont!
Missing character: There is no 3 in font nullfont!
! Undefined control sequence.
l.11     \includegraphics
                         [scale=0.15]{./images/logo}
The control sequence at the end of the top line
of your error message was never \def'ed. If you have
misspelled it (e.g., `\hobx'), type `I' and the correct
spelling (e.g., `I\hbox'). Otherwise just continue,
and I'll forget about whatever was undefined.

Missing character: There is no [ in font nullfont!
Missing character: There is no s in font nullfont!
Missing character: There is no c in font nullfont!
Missing character: There is no a in font nullfont!
Missing character: There is no l in font nullfont!
Missing character: There is no e in font nullfont!
Missing character: There is no = in font nullfont!
Missing character: There is no 0 in font nullfont!
Missing character: There is no . in font nullfont!
Missing character: There is no 1 in font nullfont!
Missing character: There is no 5 in font nullfont!
Missing character: There is no ] in font nullfont!
Missing character: There is no . in font nullfont!
Missing character: There is no / in font nullfont!
Missing character: There is no i in font nullfont!
Missing character: There is no m in font nullfont!
Missing character: There is no a in font nullfont!
Missing character: There is no g in font nullfont!
Missing character: There is no e in font nullfont!
Missing character: There is no s in font nullfont!
Missing character: There is no / in font nullfont!
Missing character: There is no l in font nullfont!
Missing character: There is no o in font nullfont!
Missing character: There is no g in font nullfont!
Missing character: There is no o in font nullfont!
! Undefined control sequence.
l.13     \Large
               
The control sequence at the end of the top line
of your error message was never \def'ed. If you have
misspelled it (e.g., `\hobx'), type `I' and the correct
spelling (e.g., `I\hbox'). Otherwise just continue,
and I'll forget about whatever was undefined.


Overfull \hbox (79.08289pt too wide) in paragraph at lines 15--16
 []\OT1/cmr/bx/n/10 CERTIFICATE 
 []


! LaTeX Error: The font size command \normalsize is not defined:
               there is probably something wrong with the class file.

See the LaTeX manual or LaTeX Companion for explanation.
Type  H <return>  for immediate help.
 ...                                              
                                                  
l.19   \normalsize
                  
Your command was ignored.
Type  I <command> <return>  to replace it with another command,
or  <return>  to continue without it.

Missing character: There is no C in font nullfont!
Missing character: There is no e in font nullfont!
Missing character: There is no r in font nullfont!
Missing character: There is no t in font nullfont!
Missing character: There is no i in font nullfont!
Missing character: There is no f in font nullfont!
Missing character: There is no i in font nullfont!
Missing character: There is no e in font nullfont!
Missing character: There is no d in font nullfont!
Missing character: There is no t in font nullfont!
Missing character: There is no h in font nullfont!
Missing character: There is no a in font nullfont!
Missing character: There is no t in font nullfont!
Missing character: There is no t in font nullfont!
Missing character: There is no h in font nullfont!
Missing character: There is no i in font nullfont!
Missing character: There is no s in font nullfont!
Missing character: There is no i in font nullfont!
Missing character: There is no s in font nullfont!
Missing character: There is no t in font nullfont!
Missing character: There is no h in font nullfont!
Missing character: There is no e in font nullfont!
Missing character: There is no b in font nullfont!
Missing character: There is no o in font nullfont!
Missing character: There is no n in font nullfont!
Missing character: There is no a in font nullfont!
Missing character: There is no f in font nullfont!
Missing character: There is no i in font nullfont!
Missing character: There is no d in font nullfont!
Missing character: There is no e in font nullfont!
Missing character: There is no r in font nullfont!
Missing character: There is no e in font nullfont!
Missing character: There is no p in font nullfont!
Missing character: There is no o in font nullfont!
Missing character: There is no r in font nullfont!
Missing character: There is no t in font nullfont!
Missing character: There is no o in font nullfont!
Missing character: There is no f in font nullfont!
Missing character: There is no p in font nullfont!
Missing character: There is no r in font nullfont!
Missing character: There is no o in font nullfont!
Missing character: There is no j in font nullfont!
Missing character: There is no e in font nullfont!
Missing character: There is no c in font nullfont!
Missing character: There is no t in font nullfont!
Missing character: There is no w in font nullfont!
Missing character: There is no o in font nullfont!
Missing character: There is no r in font nullfont!
Missing character: There is no k in font nullfont!
Missing character: There is no e in font nullfont!
Missing character: There is no n in font nullfont!
Missing character: There is no t in font nullfont!
Missing character: There is no i in font nullfont!
Missing character: There is no t in font nullfont!
Missing character: There is no l in font nullfont!
Missing character: There is no e in font nullfont!
Missing character: There is no d in font nullfont!
Missing character: There is no d in font nullfont!
Missing character: There is no o in font nullfont!
Missing character: There is no n in font nullfont!
Missing character: There is no e in font nullfont!
Missing character: There is no b in font nullfont!
Missing character: There is no y in font nullfont!
! Undefined control sequence.
<recently read> \bf 
                    
l.20 ...\bf Anantha Krishnan M(Reg. No.12154605 )}
                                                  , \textit{\bf Anjali Achut...
The control sequence at the end of the top line
of your error message was never \def'ed. If you have
misspelled it (e.g., `\hobx'), type `I' and the correct
spelling (e.g., `I\hbox'). Otherwise just continue,
and I'll forget about whatever was undefined.

Missing character: There is no , in font nullfont!
! Undefined control sequence.
<recently read> \bf 
                    
l.20 ...t{\bf Anjali Achuthan (Reg. No.12154619 )}
                                                   , \textit{\bf Anjana C(Re...
The control sequence at the end of the top line
of your error message was never \def'ed. If you have
misspelled it (e.g., `\hobx'), type `I' and the correct
spelling (e.g., `I\hbox'). Otherwise just continue,
and I'll forget about whatever was undefined.

Missing character: There is no , in font nullfont!
! Undefined control sequence.
<recently read> \bf 
                    
l.20 ..., \textit{\bf Anjana C(Reg. No. 12154620)}
                                                  , \textit{\bf Roffin Vargh...
The control sequence at the end of the top line
of your error message was never \def'ed. If you have
misspelled it (e.g., `\hobx'), type `I' and the correct
spelling (e.g., `I\hbox'). Otherwise just continue,
and I'll forget about whatever was undefined.

Missing character: There is no , in font nullfont!
! Undefined control sequence.
<recently read> \bf 
                    
l.20 ...it{\bf Roffin Varghese(Reg. No.12154615 )}
                                                   and \textit{\bf Nidhin To...
The control sequence at the end of the top line
of your error message was never \def'ed. If you have
misspelled it (e.g., `\hobx'), type `I' and the correct
spelling (e.g., `I\hbox'). Otherwise just continue,
and I'll forget about whatever was undefined.

Missing character: There is no a in font nullfont!
Missing character: There is no n in font nullfont!
Missing character: There is no d in font nullfont!
! Undefined control sequence.
<recently read> \bf 
                    
l.20 ...bf Nidhin Tom Eapen  (Reg. No. 12154208 )}
                                                   in partial fulfillment fo...
The control sequence at the end of the top line
of your error message was never \def'ed. If you have
misspelled it (e.g., `\hobx'), type `I' and the correct
spelling (e.g., `I\hbox'). Otherwise just continue,
and I'll forget about whatever was undefined.

Missing character: There is no i in font nullfont!
Missing character: There is no n in font nullfont!
Missing character: There is no p in font nullfont!
Missing character: There is no a in font nullfont!
Missing character: There is no r in font nullfont!
Missing character: There is no t in font nullfont!
Missing character: There is no i in font nullfont!
Missing character: There is no a in font nullfont!
Missing character: There is no l in font nullfont!
Missing character: There is no f in font nullfont!
Missing character: There is no u in font nullfont!
Missing character: There is no l in font nullfont!
Missing character: There is no f in font nullfont!
Missing character: There is no i in font nullfont!
Missing character: There is no l in font nullfont!
Missing character: There is no l in font nullfont!
Missing character: There is no m in font nullfont!
Missing character: There is no e in font nullfont!
Missing character: There is no n in font nullfont!
Missing character: There is no t in font nullfont!
Missing character: There is no f in font nullfont!
Missing character: There is no o in font nullfont!
Missing character: There is no r in font nullfont!
Missing character: There is no t in font nullfont!
Missing character: There is no h in font nullfont!
Missing character: There is no e in font nullfont!
Missing character: There is no a in font nullfont!
Missing character: There is no w in font nullfont!
Missing character: There is no a in font nullfont!
Missing character: There is no r in font nullfont!
Missing character: There is no d in font nullfont!
Missing character: There is no o in font nullfont!
Missing character: There is no f in font nullfont!
Missing character: There is no f in font nullfont!
Missing character: There is no r in font nullfont!
Missing character: There is no o in font nullfont!
Missing character: There is no m in font nullfont!
Missing character: There is no C in font nullfont!
Missing character: There is no o in font nullfont!
Missing character: There is no c in font nullfont!
Missing character: There is no h in font nullfont!
Missing character: There is no i in font nullfont!
Missing character: There is no n in font nullfont!
Missing character: There is no U in font nullfont!
Missing character: There is no n in font nullfont!
Missing character: There is no i in font nullfont!
Missing character: There is no v in font nullfont!
Missing character: There is no e in font nullfont!
Missing character: There is no r in font nullfont!
Missing character: There is no s in font nullfont!
Missing character: There is no i in font nullfont!
Missing character: There is no t in font nullfont!
Missing character: There is no y in font nullfont!
Missing character: There is no o in font nullfont!
Missing character: There is no f in font nullfont!
Missing character: There is no S in font nullfont!
Missing character: There is no c in font nullfont!
Missing character: There is no i in font nullfont!
Missing character: There is no e in font nullfont!
Missing character: There is no n in font nullfont!
Missing character: There is no c in font nullfont!
Missing character: There is no e in font nullfont!
Missing character: There is no & in font nullfont!
Missing character: There is no T in font nullfont!
Missing character: There is no e in font nullfont!
Missing character: There is no c in font nullfont!
Missing character: There is no h in font nullfont!
Missing character: There is no n in font nullfont!
Missing character: There is no o in font nullfont!
Missing character: There is no l in font nullfont!
Missing character: There is no o in font nullfont!
Missing character: There is no g in font nullfont!
Missing character: There is no y in font nullfont!
Missing character: There is no d in font nullfont!
Missing character: There is no u in font nullfont!
Missing character: There is no r in font nullfont!
Missing character: There is no i in font nullfont!
Missing character: There is no n in font nullfont!
Missing character: There is no g in font nullfont!
Missing character: There is no t in font nullfont!
Missing character: There is no h in font nullfont!
Missing character: There is no e in font nullfont!
Missing character: There is no a in font nullfont!
Missing character: There is no c in font nullfont!
Missing character: There is no a in font nullfont!
Missing character: There is no d in font nullfont!
Missing character: There is no e in font nullfont!
Missing character: There is no m in font nullfont!
Missing character: There is no i in font nullfont!
Missing character: There is no c in font nullfont!
Missing character: There is no y in font nullfont!
Missing character: There is no e in font nullfont!
Missing character: There is no a in font nullfont!
Missing character: There is no r in font nullfont!
Missing character: There is no 2 in font nullfont!
Missing character: There is no 0 in font nullfont!
Missing character: There is no 1 in font nullfont!
Missing character: There is no 7 in font nullfont!
Missing character: There is no - in font nullfont!
Missing character: There is no 2 in font nullfont!
Missing character: There is no 0 in font nullfont!
Missing character: There is no 1 in font nullfont!
Missing character: There is no 8 in font nullfont!
Missing character: There is no . in font nullfont!

Overfull \hbox (36.44424pt too wide) in paragraph at lines 20--21
           \OT1/cmr/bx/n/10 iHALO
 []


Overfull \hbox (27.11093pt too wide) in paragraph at lines 20--21
\OT1/cmr/m/it/10 Anan-
 []


Overfull \hbox (13.54436pt too wide) in paragraph at lines 20--21
\OT1/cmr/m/it/10 tha
 []


Overfull \hbox (15.48322pt too wide) in paragraph at lines 20--21
\OT1/cmr/m/it/10 Kr-
 []


Overfull \hbox (15.84435pt too wide) in paragraph at lines 20--21
\OT1/cmr/m/it/10 ish-
 []


Overfull \hbox (16.35547pt too wide) in paragraph at lines 20--21
\OT1/cmr/m/it/10 nan
 []


Overfull \hbox (31.59421pt too wide) in paragraph at lines 20--21
\OT1/cmr/m/it/10 M(Reg.
 []


Overfull \hbox (56.4997pt too wide) in paragraph at lines 20--21
\OT1/cmr/m/it/10 No.12154605
 []


Overfull \hbox (4.08887pt too wide) in paragraph at lines 20--21
\OT1/cmr/m/it/10 )
 []


Overfull \hbox (16.37766pt too wide) in paragraph at lines 20--21
\OT1/cmr/m/it/10 An-
 []


Overfull \hbox (13.79993pt too wide) in paragraph at lines 20--21
\OT1/cmr/m/it/10 jali
 []


Overfull \hbox (41.1664pt too wide) in paragraph at lines 20--21
\OT1/cmr/m/it/10 Achuthan
 []


Overfull \hbox (22.6276pt too wide) in paragraph at lines 20--21
\OT1/cmr/m/it/10 (Reg.
 []


Overfull \hbox (56.4997pt too wide) in paragraph at lines 20--21
\OT1/cmr/m/it/10 No.12154619
 []


Overfull \hbox (4.08887pt too wide) in paragraph at lines 20--21
\OT1/cmr/m/it/10 )
 []


Overfull \hbox (16.37766pt too wide) in paragraph at lines 20--21
\OT1/cmr/m/it/10 An-
 []


Overfull \hbox (18.91101pt too wide) in paragraph at lines 20--21
\OT1/cmr/m/it/10 jana
 []


Overfull \hbox (29.7831pt too wide) in paragraph at lines 20--21
\OT1/cmr/m/it/10 C(Reg.
 []


Overfull \hbox (15.61102pt too wide) in paragraph at lines 20--21
\OT1/cmr/m/it/10 No.
 []


Overfull \hbox (44.97754pt too wide) in paragraph at lines 20--21
\OT1/cmr/m/it/10 12154620)
 []


Overfull \hbox (18.53876pt too wide) in paragraph at lines 20--21
\OT1/cmr/m/it/10 Rof-
 []


Overfull \hbox (11.24438pt too wide) in paragraph at lines 20--21
\OT1/cmr/m/it/10 fin
 []


Overfull \hbox (28.772pt too wide) in paragraph at lines 20--21
\OT1/cmr/m/it/10 Vargh-
 []


Overfull \hbox (35.91638pt too wide) in paragraph at lines 20--21
\OT1/cmr/m/it/10 ese(Reg.
 []


Overfull \hbox (56.4997pt too wide) in paragraph at lines 20--21
\OT1/cmr/m/it/10 No.12154615
 []


Overfull \hbox (4.08887pt too wide) in paragraph at lines 20--21
\OT1/cmr/m/it/10 )
 []


Overfull \hbox (19.18877pt too wide) in paragraph at lines 20--21
\OT1/cmr/m/it/10 Nid-
 []


Overfull \hbox (13.79993pt too wide) in paragraph at lines 20--21
\OT1/cmr/m/it/10 hin
 []


Overfull \hbox (19.67766pt too wide) in paragraph at lines 20--21
\OT1/cmr/m/it/10 Tom
 []


Overfull \hbox (26.71649pt too wide) in paragraph at lines 20--21
\OT1/cmr/m/it/10 Eapen
 []


Overfull \hbox (22.6276pt too wide) in paragraph at lines 20--21
\OT1/cmr/m/it/10 (Reg.
 []


Overfull \hbox (15.61102pt too wide) in paragraph at lines 20--21
\OT1/cmr/m/it/10 No.
 []


Overfull \hbox (40.88867pt too wide) in paragraph at lines 20--21
\OT1/cmr/m/it/10 12154208
 []


Overfull \hbox (4.08887pt too wide) in paragraph at lines 20--21
\OT1/cmr/m/it/10 )
 []


Overfull \hbox (25.43872pt too wide) in paragraph at lines 20--21
\OT1/cmr/m/it/10 Bach-
 []


Overfull \hbox (8.1777pt too wide) in paragraph at lines 20--21
\OT1/cmr/m/it/10 e-
 []


Overfull \hbox (11.88326pt too wide) in paragraph at lines 20--21
\OT1/cmr/m/it/10 lor
 []


Overfull \hbox (8.17773pt too wide) in paragraph at lines 20--21
\OT1/cmr/m/it/10 of
 []


Overfull \hbox (23.76646pt too wide) in paragraph at lines 20--21
\OT1/cmr/m/it/10 Tech-
 []


Overfull \hbox (16.86656pt too wide) in paragraph at lines 20--21
\OT1/cmr/m/it/10 nol-
 []


Overfull \hbox (14.05544pt too wide) in paragraph at lines 20--21
\OT1/cmr/m/it/10 ogy
 []


Overfull \hbox (8.68884pt too wide) in paragraph at lines 20--21
\OT1/cmr/m/it/10 in
 []


Overfull \hbox (24.02206pt too wide) in paragraph at lines 20--21
\OT1/cmr/m/it/10 Com-
 []


Overfull \hbox (22.6165pt too wide) in paragraph at lines 20--21
\OT1/cmr/m/it/10 puter
 []


Overfull \hbox (16.86655pt too wide) in paragraph at lines 20--21
\OT1/cmr/m/it/10 Sci-
 []


Overfull \hbox (18.91095pt too wide) in paragraph at lines 20--21
\OT1/cmr/m/it/10 ence
 []


Overfull \hbox (7.66663pt too wide) in paragraph at lines 20--21
\OT1/cmr/m/it/10 &
 []


Overfull \hbox (15.98323pt too wide) in paragraph at lines 20--21
\OT1/cmr/m/it/10 En-
 []


Overfull \hbox (11.24435pt too wide) in paragraph at lines 20--21
\OT1/cmr/m/it/10 gi-
 []


Overfull \hbox (22.10536pt too wide) in paragraph at lines 20--21
\OT1/cmr/m/it/10 neer-
 []


Overfull \hbox (13.2888pt too wide) in paragraph at lines 20--21
\OT1/cmr/m/it/10 ing
 []


Overfull \hbox (20.0pt too wide) in paragraph at lines 24--24
[] 
 []

! Undefined control sequence.
l.27         \small
                   
The control sequence at the end of the top line
of your error message was never \def'ed. If you have
misspelled it (e.g., `\hobx'), type `I' and the correct
spelling (e.g., `I\hbox'). Otherwise just continue,
and I'll forget about whatever was undefined.


Overfull \hbox (23.38321pt too wide) in paragraph at lines 28--28
\OT1/cmr/bx/n/10 Mrs. 
 []


Overfull \hbox (28.854pt too wide) in paragraph at lines 28--28
\OT1/cmr/bx/n/10 Surya 
 []


Overfull \hbox (33.00679pt too wide) in paragraph at lines 28--28
\OT1/cmr/bx/n/10 Suren- 
 []


Overfull \hbox (23.10403pt too wide) in paragraph at lines 28--28
\OT1/cmr/bx/n/10 dran  
 []

Missing character: There is no P in font nullfont!
Missing character: There is no r in font nullfont!
Missing character: There is no o in font nullfont!
Missing character: There is no j in font nullfont!
Missing character: There is no e in font nullfont!
Missing character: There is no c in font nullfont!
Missing character: There is no t in font nullfont!
Missing character: There is no G in font nullfont!
Missing character: There is no u in font nullfont!
Missing character: There is no i in font nullfont!
Missing character: There is no d in font nullfont!
Missing character: There is no e in font nullfont!
Missing character: There is no A in font nullfont!
Missing character: There is no s in font nullfont!
Missing character: There is no s in font nullfont!
Missing character: There is no i in font nullfont!
Missing character: There is no s in font nullfont!
Missing character: There is no t in font nullfont!
Missing character: There is no a in font nullfont!
Missing character: There is no n in font nullfont!
Missing character: There is no t in font nullfont!
Missing character: There is no P in font nullfont!
Missing character: There is no r in font nullfont!
Missing character: There is no o in font nullfont!
Missing character: There is no f in font nullfont!
Missing character: There is no e in font nullfont!
Missing character: There is no s in font nullfont!
Missing character: There is no s in font nullfont!
Missing character: There is no o in font nullfont!
Missing character: There is no r in font nullfont!

! LaTeX Error: The font size command \normalsize is not defined:
               there is probably something wrong with the class file.

See the LaTeX manual or LaTeX Companion for explanation.
Type  H <return>  for immediate help.
 ...                                              
                                                  
l.31         \normalsize
                        
Your command was ignored.
Type  I <command> <return>  to replace it with another command,
or  <return>  to continue without it.


Overfull \hbox (51.12184pt too wide) in paragraph at lines 32--32
[]\OT1/cmr/m/it/10 Department 
 []


Overfull \hbox (8.17773pt too wide) in paragraph at lines 32--32
\OT1/cmr/m/it/10 of 
 []


Overfull \hbox (24.02206pt too wide) in paragraph at lines 32--32
\OT1/cmr/m/it/10 Com- 
 []


Overfull \hbox (22.6165pt too wide) in paragraph at lines 32--32
\OT1/cmr/m/it/10 puter 
 []


Overfull \hbox (16.86655pt too wide) in paragraph at lines 32--32
\OT1/cmr/m/it/10 Sci- 
 []


Overfull \hbox (18.91095pt too wide) in paragraph at lines 32--32
\OT1/cmr/m/it/10 ence 
 []


Overfull \hbox (7.66663pt too wide) in paragraph at lines 32--32
\OT1/cmr/m/it/10 & 
 []


Overfull \hbox (15.98323pt too wide) in paragraph at lines 32--32
\OT1/cmr/m/it/10 En- 
 []


Overfull \hbox (11.24435pt too wide) in paragraph at lines 32--32
\OT1/cmr/m/it/10 gi- 
 []


Overfull \hbox (22.10536pt too wide) in paragraph at lines 32--32
\OT1/cmr/m/it/10 neer- 
 []


Overfull \hbox (14.17352pt too wide) in paragraph at lines 32--32
\OT1/cmr/m/it/10 ing  
 []

Missing character: There is no C in font nullfont!
Missing character: There is no E in font nullfont!
Missing character: There is no , in font nullfont!
Missing character: There is no A in font nullfont!
Missing character: There is no R in font nullfont!
Missing character: There is no A in font nullfont!
Missing character: There is no N in font nullfont!
Missing character: There is no M in font nullfont!
Missing character: There is no U in font nullfont!
Missing character: There is no L in font nullfont!
Missing character: There is no A in font nullfont!
LaTeX Font Info:    External font `cmex10' loaded for size
(Font)              <7> on input line 35.
LaTeX Font Info:    External font `cmex10' loaded for size
(Font)              <5> on input line 35.
! Undefined control sequence.
l.38         \small
                   
The control sequence at the end of the top line
of your error message was never \def'ed. If you have
misspelled it (e.g., `\hobx'), type `I' and the correct
spelling (e.g., `I\hbox'). Otherwise just continue,
and I'll forget about whatever was undefined.


Overfull \hbox (23.38321pt too wide) in paragraph at lines 39--39
 \OT1/cmr/bx/n/10 Mrs. 
 []


Overfull \hbox (15.84714pt too wide) in paragraph at lines 39--39
 \OT1/cmr/bx/n/10 Di- 
 []


Overfull \hbox (17.4096pt too wide) in paragraph at lines 39--39
 \OT1/cmr/bx/n/10 vya 
 []


Overfull \hbox (6.38885pt too wide) in paragraph at lines 39--39
 \OT1/cmr/bx/n/10 S 
 []

Missing character: There is no P in font nullfont!
Missing character: There is no r in font nullfont!
Missing character: There is no o in font nullfont!
Missing character: There is no j in font nullfont!
Missing character: There is no e in font nullfont!
Missing character: There is no c in font nullfont!
Missing character: There is no t in font nullfont!
Missing character: There is no C in font nullfont!
Missing character: There is no o in font nullfont!
Missing character: There is no o in font nullfont!
Missing character: There is no r in font nullfont!
Missing character: There is no d in font nullfont!
Missing character: There is no i in font nullfont!
Missing character: There is no n in font nullfont!
Missing character: There is no a in font nullfont!
Missing character: There is no t in font nullfont!
Missing character: There is no o in font nullfont!
Missing character: There is no r in font nullfont!
Missing character: There is no A in font nullfont!
Missing character: There is no s in font nullfont!
Missing character: There is no s in font nullfont!
Missing character: There is no i in font nullfont!
Missing character: There is no s in font nullfont!
Missing character: There is no t in font nullfont!
Missing character: There is no a in font nullfont!
Missing character: There is no n in font nullfont!
Missing character: There is no t in font nullfont!
Missing character: There is no P in font nullfont!
Missing character: There is no r in font nullfont!
Missing character: There is no o in font nullfont!
Missing character: There is no f in font nullfont!
Missing character: There is no e in font nullfont!
Missing character: There is no s in font nullfont!
Missing character: There is no s in font nullfont!
Missing character: There is no o in font nullfont!
Missing character: There is no r in font nullfont!

! LaTeX Error: The font size command \normalsize is not defined:
               there is probably something wrong with the class file.

See the LaTeX manual or LaTeX Companion for explanation.
Type  H <return>  for immediate help.
 ...                                              
                                                  
l.42        \normalsize
                       
Your command was ignored.
Type  I <command> <return>  to replace it with another command,
or  <return>  to continue without it.


Overfull \hbox (51.12184pt too wide) in paragraph at lines 43--43
 []\OT1/cmr/m/it/10 Department 
 []


Overfull \hbox (8.17773pt too wide) in paragraph at lines 43--43
 \OT1/cmr/m/it/10 of 
 []


Overfull \hbox (24.02206pt too wide) in paragraph at lines 43--43
 \OT1/cmr/m/it/10 Com- 
 []


Overfull \hbox (22.6165pt too wide) in paragraph at lines 43--43
 \OT1/cmr/m/it/10 puter 
 []


Overfull \hbox (16.86655pt too wide) in paragraph at lines 43--43
 \OT1/cmr/m/it/10 Sci- 
 []


Overfull \hbox (18.91095pt too wide) in paragraph at lines 43--43
 \OT1/cmr/m/it/10 ence 
 []


Overfull \hbox (7.66663pt too wide) in paragraph at lines 43--43
 \OT1/cmr/m/it/10 & 
 []


Overfull \hbox (15.98323pt too wide) in paragraph at lines 43--43
 \OT1/cmr/m/it/10 En- 
 []


Overfull \hbox (11.24435pt too wide) in paragraph at lines 43--43
 \OT1/cmr/m/it/10 gi- 
 []


Overfull \hbox (22.10536pt too wide) in paragraph at lines 43--43
 \OT1/cmr/m/it/10 neer- 
 []


Overfull \hbox (14.17352pt too wide) in paragraph at lines 43--43
 \OT1/cmr/m/it/10 ing 
 []

Missing character: There is no C in font nullfont!
Missing character: There is no E in font nullfont!
Missing character: There is no , in font nullfont!
Missing character: There is no A in font nullfont!
Missing character: There is no R in font nullfont!
Missing character: There is no A in font nullfont!
Missing character: There is no N in font nullfont!
Missing character: There is no M in font nullfont!
Missing character: There is no U in font nullfont!
Missing character: There is no L in font nullfont!
Missing character: There is no A in font nullfont!
! Undefined control sequence.
l.49 		\small
             
The control sequence at the end of the top line
of your error message was never \def'ed. If you have
misspelled it (e.g., `\hobx'), type `I' and the correct
spelling (e.g., `I\hbox'). Otherwise just continue,
and I'll forget about whatever was undefined.


Overfull \hbox (23.38321pt too wide) in paragraph at lines 50--50
 \OT1/cmr/bx/n/10 Mrs.
 []


Overfull \hbox (15.84714pt too wide) in paragraph at lines 50--50
 \OT1/cmr/bx/n/10 Di-
 []


Overfull \hbox (17.4096pt too wide) in paragraph at lines 50--50
 \OT1/cmr/bx/n/10 vya
 []


Overfull \hbox (6.38885pt too wide) in paragraph at lines 50--50
 \OT1/cmr/bx/n/10 S
 []

Missing character: There is no H in font nullfont!
Missing character: There is no e in font nullfont!
Missing character: There is no a in font nullfont!
Missing character: There is no d in font nullfont!
Missing character: There is no o in font nullfont!
Missing character: There is no f in font nullfont!
Missing character: There is no t in font nullfont!
Missing character: There is no h in font nullfont!
Missing character: There is no e in font nullfont!
Missing character: There is no D in font nullfont!
Missing character: There is no e in font nullfont!
Missing character: There is no p in font nullfont!
Missing character: There is no a in font nullfont!
Missing character: There is no r in font nullfont!
Missing character: There is no t in font nullfont!
Missing character: There is no m in font nullfont!
Missing character: There is no e in font nullfont!
Missing character: There is no n in font nullfont!
Missing character: There is no t in font nullfont!
Missing character: There is no A in font nullfont!
Missing character: There is no s in font nullfont!
Missing character: There is no s in font nullfont!
Missing character: There is no i in font nullfont!
Missing character: There is no s in font nullfont!
Missing character: There is no t in font nullfont!
Missing character: There is no a in font nullfont!
Missing character: There is no n in font nullfont!
Missing character: There is no t in font nullfont!
Missing character: There is no P in font nullfont!
Missing character: There is no r in font nullfont!
Missing character: There is no o in font nullfont!
Missing character: There is no f in font nullfont!
Missing character: There is no e in font nullfont!
Missing character: There is no s in font nullfont!
Missing character: There is no s in font nullfont!
Missing character: There is no o in font nullfont!
Missing character: There is no r in font nullfont!

! LaTeX Error: The font size command \normalsize is not defined:
               there is probably something wrong with the class file.

See the LaTeX manual or LaTeX Companion for explanation.
Type  H <return>  for immediate help.
 ...                                              
                                                  
l.53 		\normalsize
                  
Your command was ignored.
Type  I <command> <return>  to replace it with another command,
or  <return>  to continue without it.


Overfull \hbox (51.12184pt too wide) in paragraph at lines 54--54
 []\OT1/cmr/m/it/10 Department
 []


Overfull \hbox (8.17773pt too wide) in paragraph at lines 54--54
 \OT1/cmr/m/it/10 of
 []


Overfull \hbox (24.02206pt too wide) in paragraph at lines 54--54
 \OT1/cmr/m/it/10 Com-
 []


Overfull \hbox (22.6165pt too wide) in paragraph at lines 54--54
 \OT1/cmr/m/it/10 puter
 []


Overfull \hbox (16.86655pt too wide) in paragraph at lines 54--54
 \OT1/cmr/m/it/10 Sci-
 []


Overfull \hbox (18.91095pt too wide) in paragraph at lines 54--54
 \OT1/cmr/m/it/10 ence
 []


Overfull \hbox (7.66663pt too wide) in paragraph at lines 54--54
 \OT1/cmr/m/it/10 &
 []


Overfull \hbox (15.98323pt too wide) in paragraph at lines 54--54
 \OT1/cmr/m/it/10 En-
 []


Overfull \hbox (11.24435pt too wide) in paragraph at lines 54--54
 \OT1/cmr/m/it/10 gi-
 []


Overfull \hbox (22.10536pt too wide) in paragraph at lines 54--54
 \OT1/cmr/m/it/10 neer-
 []


Overfull \hbox (14.17352pt too wide) in paragraph at lines 54--54
 \OT1/cmr/m/it/10 ing
 []

Missing character: There is no C in font nullfont!
Missing character: There is no E in font nullfont!
Missing character: There is no , in font nullfont!
Missing character: There is no A in font nullfont!
Missing character: There is no r in font nullfont!
Missing character: There is no a in font nullfont!
Missing character: There is no n in font nullfont!
Missing character: There is no m in font nullfont!
Missing character: There is no u in font nullfont!
Missing character: There is no l in font nullfont!
Missing character: There is no a in font nullfont!

! LaTeX Error: \begin{document} ended by \end{titlepage}.

See the LaTeX manual or LaTeX Companion for explanation.
Type  H <return>  for immediate help.
 ...                                              
                                                  
l.60 \end{titlepage}
                    
Your command was ignored.
Type  I <command> <return>  to replace it with another command,
or  <return>  to continue without it.

)
! Emergency stop.
<*> ./certificate.tex
                     
*** (job aborted, no legal \end found)

 
Here is how much of TeX's memory you used:
 17 strings out of 493303
 294 string characters out of 3138838
 57826 words of memory out of 3000000
 3668 multiletter control sequences out of 15000+200000
 4294 words of font info for 16 fonts, out of 3000000 for 9000
 1141 hyphenation exceptions out of 8191
 20i,3n,18p,578b,228s stack positions out of 5000i,500n,10000p,200000b,50000s
!  ==> Fatal error occurred, no output PDF file produced!
